SF:lib/presentation/provider/presentation_controller_provider.dart
DA:7,4
DA:8,12
DA:10,1
DA:11,6
DA:13,3
DA:14,5
DA:15,1
DA:19,0
DA:20,0
DA:21,0
DA:23,0
DA:27,2
DA:28,10
DA:29,0
DA:30,0
DA:34,12
DA:35,6
DA:42,1
DA:43,3
DA:44,3
DA:47,0
DA:48,0
DA:49,0
DA:57,8
DA:58,8
DA:59,4
LF:26
LH:17
end_of_record
SF:lib/generated/intl/messages_all.dart
DA:22,30
DA:23,20
DA:26,10
DA:28,10
DA:29,10
DA:36,10
DA:37,10
DA:38,30
DA:39,0
DA:41,0
DA:43,20
DA:44,10
DA:45,30
DA:46,20
DA:47,10
DA:50,10
DA:52,10
DA:58,10
DA:60,10
DA:62,10
LF:20
LH:18
end_of_record
SF:lib/generated/intl/messages_en.dart
DA:16,30
DA:21,0
DA:24,20
DA:26,10
DA:27,10
DA:30,10
LF:6
LH:5
end_of_record
SF:lib/generated/l10n.dart
DA:16,10
DA:20,0
DA:21,0
DA:28,10
DA:29,10
DA:30,0
DA:31,10
DA:32,10
DA:33,30
DA:34,10
DA:35,10
DA:42,3
DA:43,3
DA:44,3
DA:49,3
DA:50,3
DA:54,3
DA:55,3
DA:59,3
DA:64,3
DA:65,3
DA:69,3
DA:74,3
DA:75,3
DA:79,3
DA:85,12
DA:87,10
DA:93,10
DA:94,10
DA:95,10
DA:96,10
DA:97,0
DA:100,10
DA:101,20
DA:102,30
LF:35
LH:31
end_of_record
SF:lib/pages/01_title/view/title_slide.dart
DA:8,12
DA:10,3
DA:11,3
DA:15,3
DA:16,3
DA:17,3
DA:18,6
DA:19,6
DA:20,6
LF:9
LH:9
end_of_record
SF:lib/pages/01_title/widgets/title_slide_overlay.dart
DA:9,12
DA:11,3
DA:13,3
DA:14,3
DA:15,3
DA:16,3
DA:17,3
DA:21,3
DA:24,9
DA:26,3
DA:28,6
DA:29,3
DA:35,3
DA:36,3
DA:37,3
DA:39,3
DA:40,3
DA:41,3
DA:42,3
DA:43,3
DA:45,3
DA:48,9
DA:54,3
DA:56,9
DA:61,3
DA:63,6
DA:64,3
DA:68,3
DA:69,3
DA:70,3
DA:72,3
LF:31
LH:31
end_of_record
SF:lib/slides/views/slide_title.dart
DA:11,15
DA:26,3
DA:27,3
DA:29,3
DA:30,3
DA:31,3
DA:32,3
DA:34,3
DA:35,6
DA:36,3
DA:37,3
DA:38,3
DA:40,3
DA:42,3
DA:43,3
DA:49,3
DA:50,3
DA:51,3
DA:52,3
DA:59,3
DA:60,3
DA:61,3
DA:63,3
DA:64,3
DA:65,3
DA:66,3
LF:26
LH:26
end_of_record
SF:lib/slides/widgets/layout/layout_body.dart
DA:5,4
DA:6,1
DA:11,4
DA:13,4
DA:14,4
DA:15,4
LF:6
LH:6
end_of_record
SF:lib/slides/widgets/layout/layout_header.dart
DA:5,5
DA:6,1
DA:11,5
DA:13,5
DA:14,5
DA:15,5
LF:6
LH:6
end_of_record
SF:lib/pages/02_agenda/view/agenda_slide.dart
DA:8,12
DA:10,1
DA:11,1
DA:12,1
DA:16,1
DA:17,3
DA:18,3
LF:7
LH:7
end_of_record
SF:lib/presentation/widgets/fade_animation.dart
DA:5,1
DA:15,1
DA:16,1
DA:24,1
DA:26,1
DA:28,1
DA:32,1
DA:34,3
DA:35,2
DA:36,1
DA:38,6
DA:41,1
DA:42,2
DA:45,1
DA:47,2
DA:48,2
DA:49,1
DA:52,1
DA:54,1
DA:55,1
DA:57,0
DA:60,1
DA:62,2
LF:23
LH:22
end_of_record
SF:lib/slides/views/slide_title_and_photo_alt.dart
DA:8,1
DA:31,1
DA:32,1
DA:33,1
DA:34,1
DA:35,1
DA:36,1
DA:37,1
DA:38,1
DA:39,1
DA:41,2
DA:46,1
DA:47,1
DA:49,1
DA:50,1
DA:51,1
DA:52,1
DA:53,1
DA:54,1
DA:55,1
DA:56,1
DA:63,1
DA:64,1
LF:23
LH:23
end_of_record
SF:lib/pages/03_dummy_2/view/dummy_2_slide.dart
DA:9,12
DA:11,0
DA:12,0
DA:13,0
DA:17,0
DA:18,0
DA:19,0
DA:20,0
LF:8
LH:1
end_of_record
SF:lib/presentation/widgets/directional_animation.dart
DA:6,0
DA:18,0
DA:19,0
DA:28,0
DA:30,0
DA:32,0
DA:36,0
DA:37,0
DA:38,0
DA:42,0
DA:43,0
DA:44,0
DA:45,0
DA:48,0
DA:49,0
DA:52,0
DA:54,0
DA:55,0
DA:56,0
DA:59,0
DA:61,0
DA:62,0
DA:64,0
DA:67,0
DA:69,0
LF:25
LH:0
end_of_record
SF:lib/slides/views/slide_title_and_photo.dart
DA:5,0
DA:8,0
DA:9,0
DA:10,0
DA:11,0
LF:5
LH:0
end_of_record
SF:lib/presentation/model/presentation.dart
DA:5,5
DA:17,3
DA:18,3
DA:19,1
DA:20,2
DA:21,3
DA:22,3
LF:7
LH:7
end_of_record
SF:lib/slides/widgets/layout/layout_footer.dart
DA:5,6
DA:6,2
DA:11,6
DA:13,6
DA:14,6
DA:15,6
LF:6
LH:6
end_of_record
SF:lib/slides/widgets/text/footer_text.dart
DA:5,4
DA:20,4
DA:22,4
DA:23,4
DA:24,4
DA:25,4
DA:26,4
DA:27,4
DA:28,4
LF:9
LH:9
end_of_record
SF:lib/slides/widgets/text/regular_text.dart
DA:5,4
DA:20,4
DA:22,4
DA:23,4
DA:24,4
DA:25,4
DA:26,4
DA:27,4
DA:28,4
LF:9
LH:9
end_of_record
SF:lib/slides/widgets/text/title.dart
DA:7,4
DA:10,4
DA:12,4
DA:13,4
DA:15,4
LF:5
LH:5
end_of_record
SF:lib/slides/widgets/list/list_text.dart
DA:5,1
DA:24,1
DA:25,1
DA:26,2
DA:27,2
DA:28,1
DA:29,1
DA:30,4
DA:31,1
DA:32,1
DA:33,1
DA:34,1
LF:12
LH:12
end_of_record
SF:lib/styles/fc_text_styles.dart
DA:5,8
DA:12,4
DA:17,4
DA:24,4
DA:29,4
LF:5
LH:5
end_of_record
SF:lib/slides/widgets/text/gradient_text.dart
DA:4,5
DA:15,5
DA:17,5
DA:19,15
DA:20,15
DA:22,15
LF:6
LH:6
end_of_record
SF:lib/presentation/provider/counter_provider.dart
DA:4,2
DA:6,3
DA:7,3
DA:10,5
LF:4
LH:4
end_of_record
SF:lib/main.dart
DA:7,0
DA:8,0
DA:12,20
DA:14,3
DA:15,3
DA:25,3
LF:6
LH:4
end_of_record
SF:lib/presentation/view/presentation_slides.dart
DA:11,10
DA:13,3
DA:15,9
DA:16,3
DA:17,3
DA:19,1
DA:21,3
DA:22,1
DA:25,0
DA:26,0
DA:27,0
DA:28,0
DA:30,0
DA:31,0
DA:32,0
DA:36,0
DA:37,0
DA:38,0
DA:39,0
DA:44,0
DA:45,0
DA:50,1
DA:51,1
DA:52,2
DA:55,1
DA:58,3
DA:61,3
DA:63,0
DA:64,0
DA:65,0
DA:66,3
DA:68,3
DA:69,3
DA:71,3
DA:72,6
LF:35
LH:19
end_of_record
