SF:lib/presentation/config/cursor_style.dart
DA:16,2
DA:17,6
DA:18,6
DA:19,6
DA:22,2
DA:23,6
DA:24,0
DA:25,0
DA:37,0
LF:9
LH:6
end_of_record
SF:lib/presentation/provider/presentation_controller_provider.dart
DA:13,3
DA:14,3
DA:15,3
DA:20,6
DA:21,3
DA:25,3
DA:28,3
DA:29,3
DA:31,3
DA:33,1
DA:37,3
DA:39,3
DA:41,1
DA:45,2
DA:47,2
DA:49,2
DA:53,1
DA:55,1
DA:57,1
DA:67,3
DA:71,12
DA:76,1
DA:77,6
DA:79,3
DA:80,6
DA:81,1
DA:88,1
DA:89,3
DA:90,1
DA:92,0
DA:96,1
DA:97,5
DA:98,0
DA:99,0
DA:103,3
DA:109,6
DA:113,2
DA:114,6
DA:115,3
DA:117,3
DA:124,5
DA:125,1
DA:126,1
DA:128,6
DA:132,1
DA:133,3
DA:134,3
DA:143,4
DA:147,4
DA:151,1
DA:152,3
DA:157,1
DA:158,3
DA:159,3
DA:165,2
DA:166,2
DA:170,6
DA:171,4
DA:175,2
DA:176,10
DA:177,3
DA:187,6
DA:188,3
DA:189,6
LF:64
LH:61
end_of_record
SF:lib/generated/intl/messages_all.dart
DA:23,6
DA:24,4
DA:25,0
DA:28,2
DA:30,2
DA:31,2
DA:32,0
DA:33,0
DA:40,2
DA:41,2
DA:42,6
DA:43,0
DA:45,0
DA:47,4
DA:48,2
DA:49,6
DA:50,4
DA:51,2
DA:54,2
DA:56,2
DA:62,2
DA:64,2
DA:66,2
LF:23
LH:18
end_of_record
SF:lib/generated/intl/messages_en.dart
DA:16,6
DA:21,0
DA:24,4
DA:25,2
DA:26,2
DA:27,2
DA:28,2
DA:29,2
DA:30,2
DA:31,2
DA:32,2
DA:33,2
DA:34,2
DA:35,2
DA:36,2
DA:37,2
DA:38,2
DA:39,2
DA:40,2
DA:41,2
DA:42,2
DA:44,2
DA:45,2
DA:46,2
DA:47,2
DA:48,2
DA:49,2
DA:50,2
DA:51,2
DA:53,2
DA:54,2
DA:56,2
DA:57,2
DA:58,2
DA:59,2
DA:60,2
DA:61,2
LF:37
LH:36
end_of_record
SF:lib/generated/intl/messages_ja.dart
DA:16,0
DA:21,0
DA:24,0
DA:25,0
DA:26,0
DA:27,0
DA:29,0
DA:30,0
DA:31,0
DA:32,0
DA:33,0
DA:34,0
DA:35,0
DA:36,0
DA:37,0
DA:38,0
DA:39,0
DA:40,0
DA:41,0
DA:42,0
DA:43,0
DA:44,0
DA:45,0
DA:46,0
DA:47,0
DA:48,0
DA:49,0
DA:50,0
DA:52,0
DA:53,0
DA:54,0
DA:56,0
DA:57,0
DA:58,0
DA:59,0
DA:60,0
DA:61,0
LF:37
LH:0
end_of_record
SF:lib/generated/l10n.dart
DA:16,2
DA:20,0
DA:21,0
DA:28,2
DA:29,2
DA:30,0
DA:31,2
DA:32,2
DA:33,6
DA:34,2
DA:35,2
DA:42,2
DA:43,2
DA:44,2
DA:49,2
DA:50,2
DA:54,2
DA:55,2
DA:59,2
DA:64,2
DA:65,2
DA:69,2
DA:74,2
DA:75,2
DA:79,2
DA:84,2
DA:85,2
DA:89,2
DA:94,2
DA:95,2
DA:99,2
DA:104,2
DA:105,2
DA:109,2
DA:114,2
DA:115,2
DA:119,2
DA:124,2
DA:125,2
DA:129,2
DA:134,2
DA:135,2
DA:139,2
DA:144,0
DA:145,0
DA:149,0
DA:154,0
DA:155,0
DA:159,0
DA:164,0
DA:165,0
DA:169,0
DA:174,0
DA:175,0
DA:179,0
DA:184,0
DA:185,0
DA:189,0
DA:194,0
DA:195,0
DA:199,0
DA:204,0
DA:205,0
DA:209,0
DA:214,0
DA:215,0
DA:219,0
DA:224,0
DA:225,0
DA:229,0
DA:234,0
DA:235,0
DA:239,0
DA:244,0
DA:245,0
DA:249,0
DA:254,0
DA:255,0
DA:259,0
DA:264,0
DA:265,0
DA:269,0
DA:274,0
DA:275,0
DA:279,0
DA:284,0
DA:285,0
DA:289,0
DA:294,0
DA:295,0
DA:299,0
DA:304,0
DA:305,0
DA:309,0
DA:314,0
DA:315,0
DA:319,0
DA:324,0
DA:325,0
DA:329,0
DA:334,0
DA:335,0
DA:339,0
DA:344,0
DA:345,0
DA:349,0
DA:354,0
DA:355,0
DA:359,0
DA:364,0
DA:365,0
DA:369,0
DA:374,0
DA:375,0
DA:379,0
DA:384,0
DA:385,0
DA:389,0
DA:395,4
DA:397,2
DA:404,2
DA:405,2
DA:406,2
DA:407,2
DA:408,2
DA:411,2
DA:412,4
DA:413,6
LF:128
LH:50
end_of_record
SF:lib/main.dart
DA:11,0
DA:12,0
DA:16,6
DA:22,2
DA:24,4
DA:26,2
DA:28,2
DA:30,6
DA:31,2
DA:32,4
DA:33,4
DA:34,2
DA:35,4
DA:45,2
LF:14
LH:12
end_of_record
SF:lib/presentation/view/presentation_slides.dart
DA:12,2
DA:18,2
DA:20,2
DA:21,4
DA:23,6
DA:24,2
DA:25,2
DA:27,1
DA:28,1
DA:29,0
DA:32,1
DA:35,2
DA:37,2
DA:40,4
DA:41,2
DA:44,2
DA:45,2
DA:46,2
DA:55,2
DA:57,2
DA:87,2
DA:89,2
DA:92,2
DA:93,2
DA:94,1
DA:96,2
DA:97,2
LF:27
LH:26
end_of_record
SF:lib/styles/theme/dark_theme.dart
DA:4,0
LF:1
LH:0
end_of_record
SF:lib/styles/theme/light_theme.dart
DA:4,2
LF:1
LH:1
end_of_record
SF:lib/presentation/config/presentation_slides.dart
DA:90,0
DA:91,0
LF:2
LH:0
end_of_record
SF:lib/slides/01_title/view/title_slide.dart
DA:12,4
DA:14,0
DA:16,0
DA:17,0
DA:19,0
DA:20,0
DA:21,0
DA:23,0
DA:24,0
DA:41,0
DA:42,0
DA:43,0
DA:44,0
DA:46,0
DA:47,0
DA:48,0
LF:16
LH:1
end_of_record
SF:lib/slides/02_agenda/view/agenda_slide.dart
DA:9,4
DA:11,0
DA:13,0
DA:14,0
DA:15,0
DA:17,0
DA:18,0
DA:19,0
DA:21,0
DA:22,0
DA:24,0
DA:25,0
DA:28,0
DA:29,0
LF:14
LH:1
end_of_record
SF:lib/slides/03_motivation/view/motivation.dart
DA:14,4
DA:16,0
DA:18,0
DA:19,0
DA:21,0
DA:25,0
DA:26,0
DA:27,0
DA:29,0
DA:30,0
DA:32,0
DA:34,0
DA:35,0
DA:36,0
DA:39,0
DA:40,0
DA:41,0
DA:43,0
DA:44,0
DA:45,0
DA:46,0
DA:47,0
DA:48,0
DA:49,0
DA:50,0
DA:58,0
DA:59,0
DA:60,0
DA:61,0
DA:62,0
DA:64,0
DA:65,0
DA:66,0
DA:69,0
DA:71,0
DA:72,0
DA:79,0
DA:80,0
DA:81,0
DA:83,0
LF:40
LH:1
end_of_record
SF:lib/slides/04_downsides/view/downsides_slide.dart
DA:9,4
DA:11,0
DA:13,0
DA:14,0
DA:16,0
DA:17,0
DA:18,0
DA:20,0
DA:21,0
DA:22,0
DA:23,0
DA:24,0
LF:12
LH:1
end_of_record
SF:lib/slides/05_benefits/view/benefits_slide.dart
DA:11,4
DA:13,0
DA:15,0
DA:16,0
DA:18,0
DA:19,0
DA:20,0
DA:22,0
DA:23,0
DA:24,0
DA:25,0
DA:26,0
DA:28,0
DA:29,0
DA:30,0
LF:15
LH:1
end_of_record
SF:lib/slides/06_outro/view/outo_slide.dart
DA:10,4
DA:12,0
DA:14,0
DA:16,0
DA:17,0
DA:18,0
DA:20,0
DA:22,0
DA:23,0
DA:25,0
DA:26,0
DA:32,0
DA:34,0
DA:35,0
DA:36,0
DA:38,0
DA:40,0
DA:41,0
DA:43,0
DA:45,0
DA:53,0
DA:54,0
DA:55,0
LF:23
LH:1
end_of_record
SF:lib/presentation/model/presentation.dart
DA:9,4
DA:62,4
DA:70,4
DA:71,3
DA:72,4
DA:73,4
DA:74,4
DA:75,4
DA:76,4
DA:77,4
LF:10
LH:10
end_of_record
SF:lib/presentation/widgets/menu.dart
DA:17,2
DA:23,2
DA:25,4
DA:26,2
DA:27,2
DA:29,0
DA:30,0
DA:31,0
DA:33,0
DA:34,0
DA:36,0
DA:37,0
DA:39,0
DA:40,0
DA:42,2
DA:44,2
DA:45,2
DA:50,2
DA:52,2
DA:53,2
DA:54,2
DA:55,2
DA:57,2
DA:58,2
DA:60,2
DA:61,2
DA:63,2
DA:64,2
DA:66,2
DA:67,2
DA:68,2
DA:69,2
DA:71,2
DA:72,2
DA:73,4
DA:77,2
DA:78,2
DA:79,4
DA:80,2
DA:81,6
DA:82,2
DA:83,0
DA:84,0
DA:87,2
DA:88,2
DA:89,2
DA:91,2
DA:92,2
DA:93,2
DA:97,2
DA:98,0
DA:103,2
DA:105,2
DA:106,2
DA:107,2
DA:108,2
DA:109,2
DA:119,2
DA:120,2
DA:122,2
DA:123,2
DA:125,2
DA:126,2
DA:127,2
DA:130,2
DA:131,2
LF:66
LH:54
end_of_record
SF:lib/styles/fs_style_constants.dart
DA:4,6
LF:1
LH:1
end_of_record
SF:lib/presentation/widgets/menu_multiselect.dart
DA:6,2
DA:19,2
DA:20,12
DA:22,2
DA:23,2
DA:26,2
DA:27,2
DA:28,4
DA:30,2
DA:31,2
DA:33,4
DA:34,4
DA:35,0
DA:36,0
DA:38,2
DA:39,2
DA:40,2
DA:42,2
DA:43,2
DA:44,4
LF:20
LH:18
end_of_record
SF:lib/presentation/widgets/menu_option.dart
DA:5,2
DA:16,2
DA:17,2
DA:19,2
DA:20,4
DA:22,2
DA:23,2
DA:24,0
LF:8
LH:7
end_of_record
SF:lib/presentation/widgets/slide_show.dart
DA:9,2
DA:15,2
DA:18,14
DA:19,0
DA:21,1
DA:22,4
DA:24,2
DA:26,2
DA:28,2
DA:29,4
DA:30,2
DA:31,2
DA:36,2
DA:37,2
DA:39,2
DA:40,4
DA:48,2
LF:17
LH:16
end_of_record
SF:lib/styles/fs_colors.dart
DA:6,2
DA:11,2
LF:2
LH:2
end_of_record
SF:lib/styles/fs_text_styles.dart
DA:5,0
DA:12,0
DA:17,0
DA:24,2
DA:29,2
LF:5
LH:2
end_of_record
SF:lib/slides/01_title/widgets/title_slide_overlay.dart
DA:7,4
DA:9,0
DA:11,0
DA:12,0
DA:13,0
DA:14,0
DA:15,0
DA:16,0
DA:18,0
LF:9
LH:1
end_of_record
SF:lib/styles/fs_gradients.dart
DA:35,0
DA:36,0
LF:2
LH:0
end_of_record
SF:lib/slides/03_motivation/widgets/code.dart
DA:7,4
DA:9,0
DA:11,0
LF:3
LH:1
end_of_record
